<?xml version="1.0" encoding="UTF-8"?>
<!-- Generated by org.testng.reporters.JUnitXMLReporter -->
<testsuite hostname="LT136" ignored="0" name="Default test" tests="3" failures="0" timestamp="2020-02-29T22:57:58 IST" time="26.716" errors="0">
  <testcase name="SearchUsername" time="10.114" classname="HRM.SearchUser"/>
  <testcase name="SearchUsername" time="5.355" classname="HRM.SearchUser"/>
  <testcase name="SearchUsername" time="5.667" classname="HRM.SearchUser"/>
</testsuite> <!-- Default test -->
