<?xml version="1.0" encoding="UTF-8"?>
<!-- Generated by org.testng.reporters.JUnitXMLReporter -->
<testsuite hostname="LT136" ignored="0" name="SearchUser" tests="3" failures="0" timestamp="2020-03-01T01:21:16 IST" time="24.853" errors="0">
  <testcase name="SearchUsername" time="10.277" classname="HRM.SearchUser"/>
  <testcase name="SearchUsername" time="5.163" classname="HRM.SearchUser"/>
  <testcase name="SearchUsername" time="5.829" classname="HRM.SearchUser"/>
</testsuite> <!-- SearchUser -->
