<?xml version="1.0" encoding="UTF-8"?>
<testsuite xmlns:xsi="http://www.w3.org/2001/XMLSchema-instance" xsi:noNamespaceSchemaLocation="https://maven.apache.org/surefire/maven-surefire-plugin/xsd/surefire-test-report-3.0.xsd" version="3.0" name="TestSuite" time="99.347" tests="8" errors="0" skipped="0" failures="2">
  <properties>
[...]
</properties>
  <testcase name="Login" classname="HRM.LoginLogout" time="4.479"/>
  <testcase name="Login" classname="HRM.LoginLogout" time="2.426"/>
  <testcase name="AddingJobTitle" classname="HRM.AddJobTitle" time="21.714">
    <failure message="no such element: Unable to locate element: {&quot;method&quot;:&quot;link text&quot;,&quot;selector&quot;:&quot;Software Tester&quot;}&#10;  (Session info: headless chrome=80.0.3987.122)&#10;For documentation on this error, please visit: https://www.seleniumhq.org/exceptions/no_such_element.html&#10;Build info: version: &apos;3.141.59&apos;, revision: &apos;e82be7d358&apos;, time: &apos;2018-11-14T08:17:03&apos;&#10;System info: host: &apos;LT136&apos;, ip: &apos;10.10.180.199&apos;, os.name: &apos;Windows 10&apos;, os.arch: &apos;amd64&apos;, os.version: &apos;10.0&apos;, java.version: &apos;1.8.0_211&apos;&#10;Driver info: org.openqa.selenium.chrome.ChromeDriver&#10;Capabilities {acceptInsecureCerts: false, browserName: chrome, browserVersion: 80.0.3987.122, chrome: {chromedriverVersion: 80.0.3987.106 (f68069574609..., userDataDir: C:\Users\SUSHAN~1.KAD\AppDa...}, goog:chromeOptions: {debuggerAddress: localhost:58573}, javascriptEnabled: true, networkConnectionEnabled: false, pageLoadStrategy: normal, platform: WINDOWS, platformName: WINDOWS, proxy: Proxy(), setWindowRect: true, strictFileInteractability: false, timeouts: {implicit: 0, pageLoad: 300000, script: 30000}, unhandledPromptBehavior: dismiss and notify}&#10;Session ID: 33a168033742ddd5a6dfb7e9048637b1&#10;*** Element info: {Using=link text, value=Software Tester}" type="org.openqa.selenium.NoSuchElementException"><![CDATA[org.openqa.selenium.NoSuchElementException: 
no such element: Unable to locate element: {"method":"link text","selector":"Software Tester"}
  (Session info: headless chrome=80.0.3987.122)
For documentation on this error, please visit: https://www.seleniumhq.org/exceptions/no_such_element.html
Build info: version: '3.141.59', revision: 'e82be7d358', time: '2018-11-14T08:17:03'
System info: host: 'LT136', ip: '10.10.180.199', os.name: 'Windows 10', os.arch: 'amd64', os.version: '10.0', java.version: '1.8.0_211'
Driver info: org.openqa.selenium.chrome.ChromeDriver
Capabilities {acceptInsecureCerts: false, browserName: chrome, browserVersion: 80.0.3987.122, chrome: {chromedriverVersion: 80.0.3987.106 (f68069574609..., userDataDir: C:\Users\SUSHAN~1.KAD\AppDa...}, goog:chromeOptions: {debuggerAddress: localhost:58573}, javascriptEnabled: true, networkConnectionEnabled: false, pageLoadStrategy: normal, platform: WINDOWS, platformName: WINDOWS, proxy: Proxy(), setWindowRect: true, strictFileInteractability: false, timeouts: {implicit: 0, pageLoad: 300000, script: 30000}, unhandledPromptBehavior: dismiss and notify}
Session ID: 33a168033742ddd5a6dfb7e9048637b1
*** Element info: {Using=link text, value=Software Tester}
	at HRM.AddJobTitle.AddingJobTitle(AddJobTitle.java:59)
]]></failure>
    <system-err><![CDATA[Starting ChromeDriver 80.0.3987.106 (f68069574609230cf9b635cd784cfb1bf81bb53a-refs/branch-heads/3987@{#882}) on port 25706
Only local connections are allowed.
Please protect ports used by ChromeDriver and related test frameworks to prevent access by malicious code.
Mar 05, 2020 8:02:34 PM org.openqa.selenium.remote.ProtocolHandshake createSession
INFO: Detected dialect: W3C
[1583418757.126][SEVERE]: Timed out receiving message from renderer: 0.100
[1583418757.228][SEVERE]: Timed out receiving message from renderer: 0.100
[1583418757.330][SEVERE]: Timed out receiving message from renderer: 0.100
[1583418757.432][SEVERE]: Timed out receiving message from renderer: 0.100
[1583418757.534][SEVERE]: Timed out receiving message from renderer: 0.100
[1583418757.636][SEVERE]: Timed out receiving message from renderer: 0.100
[1583418757.739][SEVERE]: Timed out receiving message from renderer: 0.100
[1583418757.841][SEVERE]: Timed out receiving message from renderer: 0.100
[1583418757.961][SEVERE]: Timed out receiving message from renderer: 0.100
[1583418758.157][SEVERE]: Timed out receiving message from renderer: 0.100
[1583418758.259][SEVERE]: Timed out receiving message from renderer: 0.100
[1583418758.467][SEVERE]: Timed out receiving message from renderer: 0.100
[1583418758.670][SEVERE]: Timed out receiving message from renderer: 0.100
[1583418758.772][SEVERE]: Timed out receiving message from renderer: 0.100
[1583418760.475][SEVERE]: Timed out receiving message from renderer: 0.100
[1583418760.577][SEVERE]: Timed out receiving message from renderer: 0.100
[1583418760.679][SEVERE]: Timed out receiving message from renderer: 0.100
[1583418760.827][SEVERE]: Timed out receiving message from renderer: 0.100
[1583418760.929][SEVERE]: Timed out receiving message from renderer: 0.100
[1583418763.310][SEVERE]: Timed out receiving message from renderer: 0.100
[1583418763.413][SEVERE]: Timed out receiving message from renderer: 0.100
[1583418763.515][SEVERE]: Timed out receiving message from renderer: 0.100
[1583418763.617][SEVERE]: Timed out receiving message from renderer: 0.100
[1583418763.719][SEVERE]: Timed out receiving message from renderer: 0.100
[1583418763.821][SEVERE]: Timed out receiving message from renderer: 0.100
[1583418763.923][SEVERE]: Timed out receiving message from renderer: 0.100
[1583418764.025][SEVERE]: Timed out receiving message from renderer: 0.100
[1583418764.220][SEVERE]: Timed out receiving message from renderer: 0.100
[1583418764.323][SEVERE]: Timed out receiving message from renderer: 0.100
[1583418764.425][SEVERE]: Timed out receiving message from renderer: 0.100
[1583418764.527][SEVERE]: Timed out receiving message from renderer: 0.100
[1583418765.345][SEVERE]: Timed out receiving message from renderer: 0.100
[1583418765.447][SEVERE]: Timed out receiving message from renderer: 0.100
[1583418766.375][SEVERE]: Timed out receiving message from renderer: 0.100
[1583418766.477][SEVERE]: Timed out receiving message from renderer: 0.100
]]></system-err>
  </testcase>
  <testcase name="AddingJobTitle" classname="HRM.AddJobTitle" time="18.056">
    <failure message="no such element: Unable to locate element: {&quot;method&quot;:&quot;link text&quot;,&quot;selector&quot;:&quot;Software Developer&quot;}&#10;  (Session info: headless chrome=80.0.3987.122)&#10;For documentation on this error, please visit: https://www.seleniumhq.org/exceptions/no_such_element.html&#10;Build info: version: &apos;3.141.59&apos;, revision: &apos;e82be7d358&apos;, time: &apos;2018-11-14T08:17:03&apos;&#10;System info: host: &apos;LT136&apos;, ip: &apos;10.10.180.199&apos;, os.name: &apos;Windows 10&apos;, os.arch: &apos;amd64&apos;, os.version: &apos;10.0&apos;, java.version: &apos;1.8.0_211&apos;&#10;Driver info: org.openqa.selenium.chrome.ChromeDriver&#10;Capabilities {acceptInsecureCerts: false, browserName: chrome, browserVersion: 80.0.3987.122, chrome: {chromedriverVersion: 80.0.3987.106 (f68069574609..., userDataDir: C:\Users\SUSHAN~1.KAD\AppDa...}, goog:chromeOptions: {debuggerAddress: localhost:58573}, javascriptEnabled: true, networkConnectionEnabled: false, pageLoadStrategy: normal, platform: WINDOWS, platformName: WINDOWS, proxy: Proxy(), setWindowRect: true, strictFileInteractability: false, timeouts: {implicit: 0, pageLoad: 300000, script: 30000}, unhandledPromptBehavior: dismiss and notify}&#10;Session ID: 33a168033742ddd5a6dfb7e9048637b1&#10;*** Element info: {Using=link text, value=Software Developer}" type="org.openqa.selenium.NoSuchElementException"><![CDATA[org.openqa.selenium.NoSuchElementException: 
no such element: Unable to locate element: {"method":"link text","selector":"Software Developer"}
  (Session info: headless chrome=80.0.3987.122)
For documentation on this error, please visit: https://www.seleniumhq.org/exceptions/no_such_element.html
Build info: version: '3.141.59', revision: 'e82be7d358', time: '2018-11-14T08:17:03'
System info: host: 'LT136', ip: '10.10.180.199', os.name: 'Windows 10', os.arch: 'amd64', os.version: '10.0', java.version: '1.8.0_211'
Driver info: org.openqa.selenium.chrome.ChromeDriver
Capabilities {acceptInsecureCerts: false, browserName: chrome, browserVersion: 80.0.3987.122, chrome: {chromedriverVersion: 80.0.3987.106 (f68069574609..., userDataDir: C:\Users\SUSHAN~1.KAD\AppDa...}, goog:chromeOptions: {debuggerAddress: localhost:58573}, javascriptEnabled: true, networkConnectionEnabled: false, pageLoadStrategy: normal, platform: WINDOWS, platformName: WINDOWS, proxy: Proxy(), setWindowRect: true, strictFileInteractability: false, timeouts: {implicit: 0, pageLoad: 300000, script: 30000}, unhandledPromptBehavior: dismiss and notify}
Session ID: 33a168033742ddd5a6dfb7e9048637b1
*** Element info: {Using=link text, value=Software Developer}
	at HRM.AddJobTitle.AddingJobTitle(AddJobTitle.java:59)
]]></failure>
  </testcase>
  <testcase name="creatnewuser" classname="HRM.AddUser" time="7.193"/>
  <testcase name="SearchUsername" classname="HRM.SearchUser" time="8.804"/>
  <testcase name="SearchUsername" classname="HRM.SearchUser" time="5.619"/>
  <testcase name="SearchUsername" classname="HRM.SearchUser" time="4.685"/>
</testsuite>